<?xml version="1.0" encoding="utf-8"?><testsuites name="pytest tests"><testsuite name="pytest" errors="0" failures="0" skipped="0" tests="8" time="131.229" timestamp="2025-07-21T17:16:49.542511+05:30" hostname="manish-X470"><testcase classname="e2e.test_system_integration.TestSystemIntegration" name="test_single_gateway_multiple_kvstores" time="10.929" /><testcase classname="e2e.test_system_integration.TestSystemIntegration" name="test_node_failure_and_recovery" time="48.140" /><testcase classname="e2e.test_system_integration.TestSystemIntegration" name="test_consistent_hashing_property" time="15.293" /><testcase classname="e2e.test_system_integration.TestSystemIntegration" name="test_multiple_gateways_gossip" time="11.498" /><testcase classname="e2e.test_system_integration.TestSystemIntegration" name="test_load_balancing" time="13.834" /><testcase classname="e2e.test_system_integration.TestRealWorldScenarios" name="test_user_session_management" time="11.549" /><testcase classname="e2e.test_system_integration.TestRealWorldScenarios" name="test_cache_invalidation" time="8.621" /><testcase classname="e2e.test_system_integration.TestRealWorldScenarios" name="test_concurrent_clients" time="11.317" /></testsuite></testsuites>