<?xml version="1.0" encoding="utf-8"?><testsuites name="pytest tests"><testsuite name="pytest" errors="0" failures="0" skipped="0" tests="68" time="1.223" timestamp="2025-07-21T17:15:09.957352+05:30" hostname="manish-X470"><testcase classname="unit.test_gateway_service.TestNodeInfo" name="test_node_info_creation" time="0.069" /><testcase classname="unit.test_gateway_service.TestNodeInfo" name="test_node_info_to_dict" time="0.001" /><testcase classname="unit.test_gateway_service.TestNodeInfo" name="test_node_info_from_dict" time="0.001" /><testcase classname="unit.test_gateway_service.TestGossipMessage" name="test_gossip_message_creation" time="0.001" /><testcase classname="unit.test_gateway_service.TestGossipMessage" name="test_gossip_message_to_dict" time="0.001" /><testcase classname="unit.test_gateway_service.TestGossipMessage" name="test_gossip_message_from_dict" time="0.001" /><testcase classname="unit.test_gateway_service.TestSimpleGatewayService" name="test_gateway_service_initialization" time="0.008" /><testcase classname="unit.test_gateway_service.TestSimpleGatewayService" name="test_add_node_to_ring" time="0.009" /><testcase classname="unit.test_gateway_service.TestSimpleGatewayService" name="test_add_duplicate_node_to_ring" time="0.008" /><testcase classname="unit.test_gateway_service.TestSimpleGatewayService" name="test_remove_node_from_ring" time="0.009" /><testcase classname="unit.test_gateway_service.TestSimpleGatewayService" name="test_remove_nonexistent_node_from_ring" time="0.008" /><testcase classname="unit.test_gateway_service.TestSimpleGatewayService" name="test_gossip_heartbeat" time="0.012" /><testcase classname="unit.test_gateway_service.TestSimpleGatewayService" name="test_health_check_removes_dead_nodes" time="0.009" /><testcase classname="unit.test_gateway_service.TestSimpleGatewayService" name="test_flask_app_routes_exist" time="0.007" /><testcase classname="unit.test_gateway_service.TestSimpleGatewayService" name="test_concurrent_node_operations" time="0.042" /><testcase classname="unit.test_gateway_service.TestGatewayServiceIntegration" name="test_heartbeat_endpoint_new_node" time="0.016" /><testcase classname="unit.test_gateway_service.TestGatewayServiceIntegration" name="test_heartbeat_endpoint_existing_node" time="0.010" /><testcase classname="unit.test_gateway_service.TestGatewayServiceIntegration" name="test_heartbeat_endpoint_missing_data" time="0.009" /><testcase classname="unit.test_gateway_service.TestGatewayServiceIntegration" name="test_get_nodes_endpoint" time="0.011" /><testcase classname="unit.test_gateway_service.TestGatewayServiceIntegration" name="test_get_node_for_key_endpoint" time="0.011" /><testcase classname="unit.test_gateway_service.TestGatewayServiceIntegration" name="test_get_node_for_key_no_nodes" time="0.009" /><testcase classname="unit.test_gateway_service.TestGatewayServiceIntegration" name="test_health_endpoint" time="0.009" /><testcase classname="unit.test_hash_ring.TestSimpleHashRing" name="test_empty_ring_initialization" time="0.001" /><testcase classname="unit.test_hash_ring.TestSimpleHashRing" name="test_virtual_nodes_configuration" time="0.001" /><testcase classname="unit.test_hash_ring.TestSimpleHashRing" name="test_add_single_node" time="0.001" /><testcase classname="unit.test_hash_ring.TestSimpleHashRing" name="test_add_multiple_nodes" time="0.001" /><testcase classname="unit.test_hash_ring.TestSimpleHashRing" name="test_add_duplicate_node" time="0.001" /><testcase classname="unit.test_hash_ring.TestSimpleHashRing" name="test_remove_node" time="0.001" /><testcase classname="unit.test_hash_ring.TestSimpleHashRing" name="test_remove_nonexistent_node" time="0.001" /><testcase classname="unit.test_hash_ring.TestSimpleHashRing" name="test_get_node_for_key" time="0.001" /><testcase classname="unit.test_hash_ring.TestSimpleHashRing" name="test_consistent_hashing_property" time="0.004" /><testcase classname="unit.test_hash_ring.TestSimpleHashRing" name="test_key_distribution" time="0.026" /><testcase classname="unit.test_hash_ring.TestSimpleHashRing" name="test_get_multiple_nodes" time="0.001" /><testcase classname="unit.test_hash_ring.TestSimpleHashRing" name="test_get_nodes_edge_cases" time="0.001" /><testcase classname="unit.test_hash_ring.TestSimpleHashRing" name="test_hash_function_consistency" time="0.001" /><testcase classname="unit.test_hash_ring.TestSimpleHashRing" name="test_ring_ordering" time="0.001" /><testcase classname="unit.test_hash_ring.TestSimpleHashRing" name="test_node_removal_preserves_consistency" time="0.003" /><testcase classname="unit.test_hash_ring.TestSimpleHashRing" name="test_clockwise_node_selection" time="0.002" /><testcase classname="unit.test_hash_ring.TestSimpleHashRing" name="test_different_virtual_node_counts[1]" time="0.001" /><testcase classname="unit.test_hash_ring.TestSimpleHashRing" name="test_different_virtual_node_counts[10]" time="0.001" /><testcase classname="unit.test_hash_ring.TestSimpleHashRing" name="test_different_virtual_node_counts[50]" time="0.001" /><testcase classname="unit.test_hash_ring.TestSimpleHashRing" name="test_different_virtual_node_counts[100]" time="0.002" /><testcase classname="unit.test_hash_ring.TestSimpleHashRing" name="test_different_virtual_node_counts[200]" time="0.003" /><testcase classname="unit.test_kvstore_service.TestKVStoreService" name="test_kvstore_initialization" time="0.009" /><testcase classname="unit.test_kvstore_service.TestKVStoreService" name="test_store_and_retrieve_data" time="0.009" /><testcase classname="unit.test_kvstore_service.TestKVStoreService" name="test_concurrent_data_access" time="0.013" /><testcase classname="unit.test_kvstore_service.TestKVStoreService" name="test_flask_routes_setup" time="0.009" /><testcase classname="unit.test_kvstore_service.TestKVStoreService" name="test_register_with_gateway_success" time="0.010" /><testcase classname="unit.test_kvstore_service.TestKVStoreService" name="test_register_with_gateway_failure" time="0.010" /><testcase classname="unit.test_kvstore_service.TestKVStoreService" name="test_register_with_gateway_network_error" time="0.010" /><testcase classname="unit.test_kvstore_service.TestKVStoreService" name="test_send_heartbeat_success" time="0.010" /><testcase classname="unit.test_kvstore_service.TestKVStoreService" name="test_send_heartbeat_failure" time="0.010" /><testcase classname="unit.test_kvstore_service.TestKVStoreHTTPEndpoints" name="test_put_endpoint_success" time="0.011" /><testcase classname="unit.test_kvstore_service.TestKVStoreHTTPEndpoints" name="test_put_endpoint_missing_key" time="0.011" /><testcase classname="unit.test_kvstore_service.TestKVStoreHTTPEndpoints" name="test_put_endpoint_various_data_types" time="0.015" /><testcase classname="unit.test_kvstore_service.TestKVStoreHTTPEndpoints" name="test_get_endpoint_success" time="0.010" /><testcase classname="unit.test_kvstore_service.TestKVStoreHTTPEndpoints" name="test_get_endpoint_key_not_found" time="0.011" /><testcase classname="unit.test_kvstore_service.TestKVStoreHTTPEndpoints" name="test_delete_endpoint_success" time="0.010" /><testcase classname="unit.test_kvstore_service.TestKVStoreHTTPEndpoints" name="test_delete_endpoint_key_not_found" time="0.010" /><testcase classname="unit.test_kvstore_service.TestKVStoreHTTPEndpoints" name="test_keys_endpoint" time="0.010" /><testcase classname="unit.test_kvstore_service.TestKVStoreHTTPEndpoints" name="test_keys_endpoint_empty" time="0.010" /><testcase classname="unit.test_kvstore_service.TestKVStoreHTTPEndpoints" name="test_health_endpoint" time="0.010" /><testcase classname="unit.test_kvstore_service.TestKVStoreHTTPEndpoints" name="test_stats_endpoint" time="0.010" /><testcase classname="unit.test_kvstore_service.TestKVStoreIntegration" name="test_full_crud_cycle" time="0.014" /><testcase classname="unit.test_kvstore_service.TestKVStoreIntegration" name="test_concurrent_operations" time="0.199" /><testcase classname="unit.test_kvstore_service.TestKVStoreIntegration" name="test_large_data_storage" time="0.029" /><testcase classname="unit.test_kvstore_service.TestKVStoreIntegration" name="test_special_key_characters" time="0.031" /><testcase classname="unit.test_kvstore_service.TestKVStoreIntegration" name="test_heartbeat_integration" time="0.015" /></testsuite></testsuites>